<?xml version="1.0" encoding="UTF-8"?>
<coverage generated="1706472239760" clover="3.2.0">
  <project timestamp="1706472239760" name="All files">
    <metrics statements="25" coveredstatements="20" conditionals="16" coveredconditionals="9" methods="6" coveredmethods="4" elements="47" coveredelements="33" complexity="0" loc="25" ncloc="25" packages="1" files="2" classes="2"/>
    <file name="Body.js" path="/Users/jayantaggarwal/Desktop/react/src/components/Body.js">
      <metrics statements="23" coveredstatements="19" conditionals="16" coveredconditionals="9" methods="5" coveredmethods="4"/>
      <line num="12" count="1" type="stmt"/>
      <line num="14" count="3" type="stmt"/>
      <line num="15" count="3" type="stmt"/>
      <line num="16" count="3" type="stmt"/>
      <line num="17" count="3" type="stmt"/>
      <line num="18" count="3" type="stmt"/>
      <line num="21" count="3" type="cond" truecount="1" falsecount="1"/>
      <line num="22" count="0" type="stmt"/>
      <line num="26" count="3" type="stmt"/>
      <line num="27" count="2" type="cond" truecount="1" falsecount="1"/>
      <line num="28" count="2" type="stmt"/>
      <line num="29" count="2" type="stmt"/>
      <line num="30" count="2" type="stmt"/>
      <line num="31" count="2" type="cond" truecount="1" falsecount="1"/>
      <line num="32" count="2" type="stmt"/>
      <line num="37" count="0" type="stmt"/>
      <line num="38" count="0" type="stmt"/>
      <line num="43" count="3" type="cond" truecount="1" falsecount="1"/>
      <line num="45" count="3" type="stmt"/>
      <line num="56" count="1" type="stmt"/>
      <line num="58" count="1" type="stmt"/>
      <line num="65" count="1" type="stmt"/>
      <line num="81" count="0" type="stmt"/>
    </file>
    <file name="RestaurantCard.js" path="/Users/jayantaggarwal/Desktop/react/src/components/RestaurantCard.js">
      <metrics statements="2" coveredstatements="1" conditionals="0" coveredconditionals="0" methods="1" coveredmethods="0"/>
      <line num="3" count="1" type="stmt"/>
      <line num="4" count="0" type="stmt"/>
    </file>
  </project>
</coverage>
