{"/Users/jayantaggarwal/Desktop/react/src/components/Body.js": {"path":"/Users/jayantaggarwal/Desktop/react/src/components/Body.js","statementMap":{"0":{"start":{"line":12,"column":13},"end":{"line":96,"column":1}},"1":{"start":{"line":14,"column":38},"end":{"line":14,"column":50}},"2":{"start":{"line":15,"column":42},"end":{"line":15,"column":54}},"3":{"start":{"line":16,"column":38},"end":{"line":16,"column":64}},"4":{"start":{"line":17,"column":56},"end":{"line":17,"column":70}},"5":{"start":{"line":18,"column":19},"end":{"line":18,"column":30}},"6":{"start":{"line":21,"column":2},"end":{"line":23,"column":3}},"7":{"start":{"line":22,"column":4},"end":{"line":22,"column":27}},"8":{"start":{"line":26,"column":21},"end":{"line":40,"column":3}},"9":{"start":{"line":27,"column":4},"end":{"line":39,"column":5}},"10":{"start":{"line":28,"column":27},"end":{"line":28,"column":62}},"11":{"start":{"line":29,"column":6},"end":{"line":29,"column":43}},"12":{"start":{"line":30,"column":6},"end":{"line":30,"column":26}},"13":{"start":{"line":31,"column":6},"end":{"line":35,"column":7}},"14":{"start":{"line":32,"column":8},"end":{"line":34,"column":10}},"15":{"start":{"line":37,"column":6},"end":{"line":37,"column":26}},"16":{"start":{"line":38,"column":6},"end":{"line":38,"column":42}},"17":{"start":{"line":43,"column":2},"end":{"line":43,"column":35}},"18":{"start":{"line":43,"column":23},"end":{"line":43,"column":35}},"19":{"start":{"line":45,"column":2},"end":{"line":95,"column":4}},"20":{"start":{"line":56,"column":12},"end":{"line":56,"column":42}},"21":{"start":{"line":58,"column":12},"end":{"line":58,"column":55}},"22":{"start":{"line":65,"column":12},"end":{"line":65,"column":51}},"23":{"start":{"line":81,"column":14},"end":{"line":89,"column":16}}},"fnMap":{"0":{"name":"(anonymous_0)","decl":{"start":{"line":12,"column":13},"end":{"line":12,"column":14}},"loc":{"start":{"line":12,"column":19},"end":{"line":96,"column":1}},"line":12},"1":{"name":"(anonymous_1)","decl":{"start":{"line":26,"column":21},"end":{"line":26,"column":22}},"loc":{"start":{"line":26,"column":50},"end":{"line":40,"column":3}},"line":26},"2":{"name":"(anonymous_2)","decl":{"start":{"line":55,"column":20},"end":{"line":55,"column":21}},"loc":{"start":{"line":55,"column":27},"end":{"line":59,"column":11}},"line":55},"3":{"name":"(anonymous_3)","decl":{"start":{"line":63,"column":19},"end":{"line":63,"column":20}},"loc":{"start":{"line":63,"column":25},"end":{"line":66,"column":11}},"line":63},"4":{"name":"(anonymous_4)","decl":{"start":{"line":80,"column":12},"end":{"line":80,"column":13}},"loc":{"start":{"line":80,"column":28},"end":{"line":90,"column":13}},"line":80}},"branchMap":{"0":{"loc":{"start":{"line":21,"column":2},"end":{"line":23,"column":3}},"type":"if","locations":[{"start":{"line":21,"column":2},"end":{"line":23,"column":3}},{"start":{},"end":{}}],"line":21},"1":{"loc":{"start":{"line":27,"column":4},"end":{"line":39,"column":5}},"type":"if","locations":[{"start":{"line":27,"column":4},"end":{"line":39,"column":5}},{"start":{"line":36,"column":11},"end":{"line":39,"column":5}}],"line":27},"2":{"loc":{"start":{"line":31,"column":6},"end":{"line":35,"column":7}},"type":"if","locations":[{"start":{"line":31,"column":6},"end":{"line":35,"column":7}},{"start":{},"end":{}}],"line":31},"3":{"loc":{"start":{"line":43,"column":2},"end":{"line":43,"column":35}},"type":"if","locations":[{"start":{"line":43,"column":2},"end":{"line":43,"column":35}},{"start":{},"end":{}}],"line":43},"4":{"loc":{"start":{"line":71,"column":7},"end":{"line":71,"column":76}},"type":"binary-expr","locations":[{"start":{"line":71,"column":7},"end":{"line":71,"column":19}},{"start":{"line":71,"column":23},"end":{"line":71,"column":76}}],"line":71},"5":{"loc":{"start":{"line":74,"column":7},"end":{"line":93,"column":7}},"type":"cond-expr","locations":[{"start":{"line":75,"column":8},"end":{"line":75,"column":19}},{"start":{"line":77,"column":8},"end":{"line":92,"column":14}}],"line":74},"6":{"loc":{"start":{"line":74,"column":7},"end":{"line":74,"column":62}},"type":"binary-expr","locations":[{"start":{"line":74,"column":7},"end":{"line":74,"column":35}},{"start":{"line":74,"column":39},"end":{"line":74,"column":62}}],"line":74},"7":{"loc":{"start":{"line":79,"column":12},"end":{"line":79,"column":74}},"type":"cond-expr","locations":[{"start":{"line":79,"column":43},"end":{"line":79,"column":52}},{"start":{"line":79,"column":55},"end":{"line":79,"column":74}}],"line":79}},"s":{"0":1,"1":3,"2":3,"3":3,"4":3,"5":3,"6":3,"7":0,"8":3,"9":2,"10":2,"11":2,"12":2,"13":2,"14":2,"15":0,"16":0,"17":3,"18":0,"19":3,"20":1,"21":1,"22":1,"23":0},"f":{"0":3,"1":2,"2":1,"3":1,"4":0},"b":{"0":[0,3],"1":[2,0],"2":[2,0],"3":[0,3],"4":[3,2],"5":[3,0],"6":[3,3],"7":[0,0]},"_coverageSchema":"1a1c01bbd47fc00a2c39e90264f33305004495a9","hash":"6cc73c33432c3549dff7f8381f905b997eb9779b"}
,"/Users/jayantaggarwal/Desktop/react/src/components/RestaurantCard.js": {"path":"/Users/jayantaggarwal/Desktop/react/src/components/RestaurantCard.js","statementMap":{"0":{"start":{"line":3,"column":23},"end":{"line":12,"column":1}},"1":{"start":{"line":4,"column":2},"end":{"line":11,"column":4}}},"fnMap":{"0":{"name":"(anonymous_0)","decl":{"start":{"line":3,"column":23},"end":{"line":3,"column":24}},"loc":{"start":{"line":3,"column":77},"end":{"line":12,"column":1}},"line":3}},"branchMap":{},"s":{"0":1,"1":0},"f":{"0":0},"b":{},"_coverageSchema":"1a1c01bbd47fc00a2c39e90264f33305004495a9","hash":"2cc065f5d078c195eee4ca41e7e57d7fc6427608"}
}
