{"/Users/jayantaggarwal/Desktop/react/mocks/fileMock.js": {"path":"/Users/jayantaggarwal/Desktop/react/mocks/fileMock.js","statementMap":{"0":{"start":{"line":1,"column":0},"end":{"line":1,"column":20}}},"fnMap":{},"branchMap":{},"s":{"0":1},"f":{},"b":{},"_coverageSchema":"1a1c01bbd47fc00a2c39e90264f33305004495a9","hash":"26084dca53e6a6df496219ce67a202c71e7c70e5"}
,"/Users/jayantaggarwal/Desktop/react/src/components/Contact.js": {"path":"/Users/jayantaggarwal/Desktop/react/src/components/Contact.js","statementMap":{"0":{"start":{"line":4,"column":16},"end":{"line":29,"column":1}},"1":{"start":{"line":5,"column":32},"end":{"line":5,"column":47}},"2":{"start":{"line":6,"column":23},"end":{"line":9,"column":3}},"3":{"start":{"line":7,"column":4},"end":{"line":7,"column":23}},"4":{"start":{"line":8,"column":4},"end":{"line":8,"column":21}},"5":{"start":{"line":10,"column":2},"end":{"line":28,"column":4}}},"fnMap":{"0":{"name":"(anonymous_0)","decl":{"start":{"line":4,"column":16},"end":{"line":4,"column":17}},"loc":{"start":{"line":4,"column":22},"end":{"line":29,"column":1}},"line":4},"1":{"name":"(anonymous_1)","decl":{"start":{"line":6,"column":23},"end":{"line":6,"column":24}},"loc":{"start":{"line":6,"column":30},"end":{"line":9,"column":3}},"line":6}},"branchMap":{"0":{"loc":{"start":{"line":22,"column":11},"end":{"line":24,"column":11}},"type":"binary-expr","locations":[{"start":{"line":22,"column":11},"end":{"line":22,"column":18}},{"start":{"line":23,"column":12},"end":{"line":23,"column":76}}],"line":22}},"s":{"0":1,"1":1,"2":1,"3":0,"4":0,"5":1},"f":{"0":1,"1":0},"b":{"0":[1,0]},"_coverageSchema":"1a1c01bbd47fc00a2c39e90264f33305004495a9","hash":"b8258470a2a1364c0f0277121f453c1939dfe759"}
}
