TN:
SF:src/components/Body.js
FN:12,(anonymous_0)
FN:26,(anonymous_1)
FN:55,(anonymous_2)
FN:63,(anonymous_3)
FN:80,(anonymous_4)
FNF:5
FNH:4
FNDA:3,(anonymous_0)
FNDA:2,(anonymous_1)
FNDA:1,(anonymous_2)
FNDA:1,(anonymous_3)
FNDA:0,(anonymous_4)
DA:12,1
DA:14,3
DA:15,3
DA:16,3
DA:17,3
DA:18,3
DA:21,3
DA:22,0
DA:26,3
DA:27,2
DA:28,2
DA:29,2
DA:30,2
DA:31,2
DA:32,2
DA:37,0
DA:38,0
DA:43,3
DA:45,3
DA:56,1
DA:58,1
DA:65,1
DA:81,0
LF:23
LH:19
BRDA:21,0,0,0
BRDA:21,0,1,3
BRDA:27,1,0,2
BRDA:27,1,1,0
BRDA:31,2,0,2
BRDA:31,2,1,0
BRDA:43,3,0,0
BRDA:43,3,1,3
BRDA:71,4,0,3
BRDA:71,4,1,2
BRDA:74,5,0,3
BRDA:74,5,1,0
BRDA:74,6,0,3
BRDA:74,6,1,3
BRDA:79,7,0,0
BRDA:79,7,1,0
BRF:16
BRH:9
end_of_record
TN:
SF:src/components/RestaurantCard.js
FN:3,(anonymous_0)
FNF:1
FNH:0
FNDA:0,(anonymous_0)
DA:3,1
DA:4,0
LF:2
LH:1
BRF:0
BRH:0
end_of_record
